===============================
= Setting up the environment =
===============================

Changing directory to the location of the script...
Directory changed to /home/alex/cg2111_2425/slam_rpicam_env



===============================
= Installing Python          =
===============================




===============================
= Installing Dependencies    =
===============================

Creating virtual environment...
Virtual environment created.

Looking in indexes: https://pypi.org/simple, https://www.piwheels.org/simple
Requirement already satisfied: pip in ./env/lib/python3.11/site-packages (23.0.1)
Collecting pip
  Using cached https://www.piwheels.org/simple/pip/pip-25.0.1-py3-none-any.whl (1.8 MB)
Installing collected packages: pip
  Attempting uninstall: pip
    Found existing installation: pip 23.0.1
    Uninstalling pip-23.0.1:
      Successfully uninstalled pip-23.0.1
Successfully installed pip-25.0.1

Looking in indexes: https://pypi.org/simple, https://www.piwheels.org/simple
Requirement already satisfied: numpy in /usr/lib/python3/dist-packages (1.24.2)
Collecting matplotlib
  Using cached matplotlib-3.10.1-cp311-cp311-manylinux_2_17_aarch64.manylinux2014_aarch64.whl.metadata (11 kB)
Requirement already satisfied: pyserial in /usr/lib/python3/dist-packages (3.5)
Collecting contourpy>=1.0.1 (from matplotlib)
  Using cached contourpy-1.3.1-cp311-cp311-manylinux_2_17_aarch64.manylinux2014_aarch64.whl.metadata (5.4 kB)
Collecting cycler>=0.10 (from matplotlib)
  Using cached https://www.piwheels.org/simple/cycler/cycler-0.12.1-py3-none-any.whl (8.3 kB)
Collecting fonttools>=4.22.0 (from matplotlib)
  Using cached fonttools-4.57.0-cp311-cp311-manylinux_2_17_aarch64.manylinux2014_aarch64.whl.metadata (102 kB)
Collecting kiwisolver>=1.3.1 (from matplotlib)
  Using cached kiwisolver-1.4.8-cp311-cp311-manylinux_2_17_aarch64.manylinux2014_aarch64.whl.metadata (6.2 kB)
Collecting packaging>=20.0 (from matplotlib)
  Using cached https://www.piwheels.org/simple/packaging/packaging-24.2-py3-none-any.whl (65 kB)
Requirement already satisfied: pillow>=8 in /usr/lib/python3/dist-packages (from matplotlib) (9.4.0)
Collecting pyparsing>=2.3.1 (from matplotlib)
  Using cached https://www.piwheels.org/simple/pyparsing/pyparsing-3.2.3-py3-none-any.whl (111 kB)
Collecting python-dateutil>=2.7 (from matplotlib)
  Using cached https://www.piwheels.org/simple/python-dateutil/python_dateutil-2.9.0.post0-py2.py3-none-any.whl (229 kB)
Requirement already satisfied: six>=1.5 in /usr/lib/python3/dist-packages (from python-dateutil>=2.7->matplotlib) (1.16.0)
Using cached matplotlib-3.10.1-cp311-cp311-manylinux_2_17_aarch64.manylinux2014_aarch64.whl (8.5 MB)
Using cached contourpy-1.3.1-cp311-cp311-manylinux_2_17_aarch64.manylinux2014_aarch64.whl (313 kB)
Using cached fonttools-4.57.0-cp311-cp311-manylinux_2_17_aarch64.manylinux2014_aarch64.whl (4.9 MB)
Using cached kiwisolver-1.4.8-cp311-cp311-manylinux_2_17_aarch64.manylinux2014_aarch64.whl (1.4 MB)
WARNING: Error parsing dependencies of send2trash: Expected matching RIGHT_PARENTHESIS for LEFT_PARENTHESIS, after version specifier
    sys-platform (=="darwin") ; extra == 'objc'
                 ~^
Installing collected packages: python-dateutil, pyparsing, packaging, kiwisolver, fonttools, cycler, contourpy, matplotlib
Successfully installed contourpy-1.3.1 cycler-0.12.1 fonttools-4.57.0 kiwisolver-1.4.8 matplotlib-3.10.1 packaging-24.2 pyparsing-3.2.3 python-dateutil-2.9.0.post0

Installing BreezySLAM...
Looking in indexes: https://pypi.org/simple, https://www.piwheels.org/simple
Obtaining file:///home/alex/cg2111_2425/slam_rpicam_env/libraries/external/BreezySLAM/python
  Installing build dependencies: started
  Installing build dependencies: finished with status 'done'
  Checking if build backend supports build_editable: started
  Checking if build backend supports build_editable: finished with status 'done'
  Getting requirements to build editable: started
  Getting requirements to build editable: finished with status 'done'
  Preparing editable metadata (pyproject.toml): started
  Preparing editable metadata (pyproject.toml): finished with status 'done'
Building wheels for collected packages: BreezySLAM
  Building editable for BreezySLAM (pyproject.toml): started
  Building editable for BreezySLAM (pyproject.toml): finished with status 'done'
  Created wheel for BreezySLAM: filename=breezyslam-0.1-0.editable-cp311-cp311-linux_aarch64.whl size=1469 sha256=77f0a729af1520627b6c6ea1c74ee16a7808e56568ab6cc3a5a9c38f980c00a0
  Stored in directory: /tmp/pip-ephem-wheel-cache-pvn7uclv/wheels/fc/dd/19/15e0f32aaefa031f0853f7a0b4d07c6cfb88e5d5752e440f41
Successfully built BreezySLAM
WARNING: Error parsing dependencies of send2trash: Expected matching RIGHT_PARENTHESIS for LEFT_PARENTHESIS, after version specifier
    sys-platform (=="darwin") ; extra == 'objc'
                 ~^
Installing collected packages: BreezySLAM
Successfully installed BreezySLAM-0.1

Installing pyrplidar...
Looking in indexes: https://pypi.org/simple, https://www.piwheels.org/simple
Obtaining file:///home/alex/cg2111_2425/slam_rpicam_env/libraries/external/pyrplidar
  Installing build dependencies: started
  Installing build dependencies: finished with status 'done'
  Checking if build backend supports build_editable: started
  Checking if build backend supports build_editable: finished with status 'done'
  Getting requirements to build editable: started
  Getting requirements to build editable: finished with status 'done'
  Preparing editable metadata (pyproject.toml): started
  Preparing editable metadata (pyproject.toml): finished with status 'done'
Requirement already satisfied: pyserial in /usr/lib/python3/dist-packages (from pyrplidar==0.1.2) (3.5)
Building wheels for collected packages: pyrplidar
  Building editable for pyrplidar (pyproject.toml): started
  Building editable for pyrplidar (pyproject.toml): finished with status 'done'
  Created wheel for pyrplidar: filename=pyrplidar-0.1.2-0.editable-py3-none-any.whl size=3249 sha256=68350e55f6fc13a59b9be008956896f0453d86c9c3b900370e00a26be0098961
  Stored in directory: /tmp/pip-ephem-wheel-cache-ji4qd_43/wheels/59/be/fd/6f7bcc480829c2aa5f2651819367dfb4f29f20ee481323765a
Successfully built pyrplidar
WARNING: Error parsing dependencies of send2trash: Expected matching RIGHT_PARENTHESIS for LEFT_PARENTHESIS, after version specifier
    sys-platform (=="darwin") ; extra == 'objc'
                 ~^
Installing collected packages: pyrplidar
Successfully installed pyrplidar-0.1.2

Installing opencv-python...
Looking in indexes: https://pypi.org/simple, https://www.piwheels.org/simple
Collecting opencv-python
  Using cached opencv_python-4.11.0.86-cp37-abi3-manylinux_2_17_aarch64.manylinux2014_aarch64.whl.metadata (20 kB)
Requirement already satisfied: numpy>=1.21.2 in /usr/lib/python3/dist-packages (from opencv-python) (1.24.2)
Using cached opencv_python-4.11.0.86-cp37-abi3-manylinux_2_17_aarch64.manylinux2014_aarch64.whl (42.2 MB)
WARNING: Error parsing dependencies of send2trash: Expected matching RIGHT_PARENTHESIS for LEFT_PARENTHESIS, after version specifier
    sys-platform (=="darwin") ; extra == 'objc'
                 ~^
Installing collected packages: opencv-python
Successfully installed opencv-python-4.11.0.86

Installing control...
Looking in indexes: https://pypi.org/simple, https://www.piwheels.org/simple
Obtaining file:///home/alex/cg2111_2425/slam_rpicam_env/libraries/epp2/control
  Installing build dependencies: started
  Installing build dependencies: finished with status 'done'
  Checking if build backend supports build_editable: started
  Checking if build backend supports build_editable: finished with status 'done'
  Getting requirements to build editable: started
  Getting requirements to build editable: finished with status 'done'
  Preparing editable metadata (pyproject.toml): started
  Preparing editable metadata (pyproject.toml): finished with status 'done'
Requirement already satisfied: numpy in /usr/lib/python3/dist-packages (from control==0.1.0) (1.24.2)
Requirement already satisfied: matplotlib in ./env/lib/python3.11/site-packages (from control==0.1.0) (3.10.1)
Requirement already satisfied: pyserial in /usr/lib/python3/dist-packages (from control==0.1.0) (3.5)
Requirement already satisfied: contourpy>=1.0.1 in ./env/lib/python3.11/site-packages (from matplotlib->control==0.1.0) (1.3.1)
Requirement already satisfied: cycler>=0.10 in ./env/lib/python3.11/site-packages (from matplotlib->control==0.1.0) (0.12.1)
Requirement already satisfied: fonttools>=4.22.0 in ./env/lib/python3.11/site-packages (from matplotlib->control==0.1.0) (4.57.0)
Requirement already satisfied: kiwisolver>=1.3.1 in ./env/lib/python3.11/site-packages (from matplotlib->control==0.1.0) (1.4.8)
Requirement already satisfied: packaging>=20.0 in ./env/lib/python3.11/site-packages (from matplotlib->control==0.1.0) (24.2)
Requirement already satisfied: pillow>=8 in /usr/lib/python3/dist-packages (from matplotlib->control==0.1.0) (9.4.0)
Requirement already satisfied: pyparsing>=2.3.1 in ./env/lib/python3.11/site-packages (from matplotlib->control==0.1.0) (3.2.3)
Requirement already satisfied: python-dateutil>=2.7 in ./env/lib/python3.11/site-packages (from matplotlib->control==0.1.0) (2.9.0.post0)
Requirement already satisfied: six>=1.5 in /usr/lib/python3/dist-packages (from python-dateutil>=2.7->matplotlib->control==0.1.0) (1.16.0)
Building wheels for collected packages: control
  Building editable for control (pyproject.toml): started
  Building editable for control (pyproject.toml): finished with status 'done'
  Created wheel for control: filename=control-0.1.0-0.editable-py3-none-any.whl size=1295 sha256=6246f5b9d5111147bfbcf25c5ad233f8d14914b61584d5550aae0699953fe1ad
  Stored in directory: /tmp/pip-ephem-wheel-cache-hrqcqb8_/wheels/9a/6a/a0/be699e024d2296e0d0939e3bae16948f8b1f696ece9628b0c9
Successfully built control
WARNING: Error parsing dependencies of send2trash: Expected matching RIGHT_PARENTHESIS for LEFT_PARENTHESIS, after version specifier
    sys-platform (=="darwin") ; extra == 'objc'
                 ~^
Installing collected packages: control
Successfully installed control-0.1.0

Installing display...
Looking in indexes: https://pypi.org/simple, https://www.piwheels.org/simple
Obtaining file:///home/alex/cg2111_2425/slam_rpicam_env/libraries/epp2/display
  Installing build dependencies: started
  Installing build dependencies: finished with status 'done'
  Checking if build backend supports build_editable: started
  Checking if build backend supports build_editable: finished with status 'done'
  Getting requirements to build editable: started
  Getting requirements to build editable: finished with status 'done'
  Preparing editable metadata (pyproject.toml): started
  Preparing editable metadata (pyproject.toml): finished with status 'done'
Requirement already satisfied: numpy in /usr/lib/python3/dist-packages (from display==0.1.0) (1.24.2)
Requirement already satisfied: matplotlib in ./env/lib/python3.11/site-packages (from display==0.1.0) (3.10.1)
Requirement already satisfied: pyserial in /usr/lib/python3/dist-packages (from display==0.1.0) (3.5)
Requirement already satisfied: contourpy>=1.0.1 in ./env/lib/python3.11/site-packages (from matplotlib->display==0.1.0) (1.3.1)
Requirement already satisfied: cycler>=0.10 in ./env/lib/python3.11/site-packages (from matplotlib->display==0.1.0) (0.12.1)
Requirement already satisfied: fonttools>=4.22.0 in ./env/lib/python3.11/site-packages (from matplotlib->display==0.1.0) (4.57.0)
Requirement already satisfied: kiwisolver>=1.3.1 in ./env/lib/python3.11/site-packages (from matplotlib->display==0.1.0) (1.4.8)
Requirement already satisfied: packaging>=20.0 in ./env/lib/python3.11/site-packages (from matplotlib->display==0.1.0) (24.2)
Requirement already satisfied: pillow>=8 in /usr/lib/python3/dist-packages (from matplotlib->display==0.1.0) (9.4.0)
Requirement already satisfied: pyparsing>=2.3.1 in ./env/lib/python3.11/site-packages (from matplotlib->display==0.1.0) (3.2.3)
Requirement already satisfied: python-dateutil>=2.7 in ./env/lib/python3.11/site-packages (from matplotlib->display==0.1.0) (2.9.0.post0)
Requirement already satisfied: six>=1.5 in /usr/lib/python3/dist-packages (from python-dateutil>=2.7->matplotlib->display==0.1.0) (1.16.0)
Building wheels for collected packages: display
  Building editable for display (pyproject.toml): started
  Building editable for display (pyproject.toml): finished with status 'done'
  Created wheel for display: filename=display-0.1.0-0.editable-py3-none-any.whl size=1294 sha256=51b16f1cae20c39cfd0edfc73606ad7f8b4653cd37be75ef8027e390572dfce1
  Stored in directory: /tmp/pip-ephem-wheel-cache-ko6a3k86/wheels/d2/1e/ab/fd123d8b18a3ec45f9487115ba4ec4b3caadf7fa6ba9e16a96
Successfully built display
WARNING: Error parsing dependencies of send2trash: Expected matching RIGHT_PARENTHESIS for LEFT_PARENTHESIS, after version specifier
    sys-platform (=="darwin") ; extra == 'objc'
                 ~^
Installing collected packages: display
Successfully installed display-0.1.0

Installing lidar...
Looking in indexes: https://pypi.org/simple, https://www.piwheels.org/simple
Obtaining file:///home/alex/cg2111_2425/slam_rpicam_env/libraries/epp2/lidar
  Installing build dependencies: started
  Installing build dependencies: finished with status 'done'
  Checking if build backend supports build_editable: started
  Checking if build backend supports build_editable: finished with status 'done'
  Getting requirements to build editable: started
  Getting requirements to build editable: finished with status 'done'
  Preparing editable metadata (pyproject.toml): started
  Preparing editable metadata (pyproject.toml): finished with status 'done'
Requirement already satisfied: numpy in /usr/lib/python3/dist-packages (from lidar==0.1.0) (1.24.2)
Requirement already satisfied: matplotlib in ./env/lib/python3.11/site-packages (from lidar==0.1.0) (3.10.1)
Requirement already satisfied: pyserial in /usr/lib/python3/dist-packages (from lidar==0.1.0) (3.5)
Requirement already satisfied: contourpy>=1.0.1 in ./env/lib/python3.11/site-packages (from matplotlib->lidar==0.1.0) (1.3.1)
Requirement already satisfied: cycler>=0.10 in ./env/lib/python3.11/site-packages (from matplotlib->lidar==0.1.0) (0.12.1)
Requirement already satisfied: fonttools>=4.22.0 in ./env/lib/python3.11/site-packages (from matplotlib->lidar==0.1.0) (4.57.0)
Requirement already satisfied: kiwisolver>=1.3.1 in ./env/lib/python3.11/site-packages (from matplotlib->lidar==0.1.0) (1.4.8)
Requirement already satisfied: packaging>=20.0 in ./env/lib/python3.11/site-packages (from matplotlib->lidar==0.1.0) (24.2)
Requirement already satisfied: pillow>=8 in /usr/lib/python3/dist-packages (from matplotlib->lidar==0.1.0) (9.4.0)
Requirement already satisfied: pyparsing>=2.3.1 in ./env/lib/python3.11/site-packages (from matplotlib->lidar==0.1.0) (3.2.3)
Requirement already satisfied: python-dateutil>=2.7 in ./env/lib/python3.11/site-packages (from matplotlib->lidar==0.1.0) (2.9.0.post0)
Requirement already satisfied: six>=1.5 in /usr/lib/python3/dist-packages (from python-dateutil>=2.7->matplotlib->lidar==0.1.0) (1.16.0)
Building wheels for collected packages: lidar
  Building editable for lidar (pyproject.toml): started
  Building editable for lidar (pyproject.toml): finished with status 'done'
  Created wheel for lidar: filename=lidar-0.1.0-0.editable-py3-none-any.whl size=1274 sha256=e9c3647d8e61d0623fc1f8fa92a529644f987dfb63120ba9c8b558f50b70ad6b
  Stored in directory: /tmp/pip-ephem-wheel-cache-mx1s_g12/wheels/8a/4b/28/1662d609e12e9177b5229057ac7e03290bd73224b5834960ff
Successfully built lidar
WARNING: Error parsing dependencies of send2trash: Expected matching RIGHT_PARENTHESIS for LEFT_PARENTHESIS, after version specifier
    sys-platform (=="darwin") ; extra == 'objc'
                 ~^
Installing collected packages: lidar
Successfully installed lidar-0.1.0

Installing networking...
Looking in indexes: https://pypi.org/simple, https://www.piwheels.org/simple
Obtaining file:///home/alex/cg2111_2425/slam_rpicam_env/libraries/epp2/networking
  Installing build dependencies: started
  Installing build dependencies: finished with status 'done'
  Checking if build backend supports build_editable: started
  Checking if build backend supports build_editable: finished with status 'done'
  Getting requirements to build editable: started
  Getting requirements to build editable: finished with status 'done'
  Preparing editable metadata (pyproject.toml): started
  Preparing editable metadata (pyproject.toml): finished with status 'done'
Requirement already satisfied: numpy in /usr/lib/python3/dist-packages (from networking==0.1.0) (1.24.2)
Requirement already satisfied: matplotlib in ./env/lib/python3.11/site-packages (from networking==0.1.0) (3.10.1)
Requirement already satisfied: pyserial in /usr/lib/python3/dist-packages (from networking==0.1.0) (3.5)
Requirement already satisfied: contourpy>=1.0.1 in ./env/lib/python3.11/site-packages (from matplotlib->networking==0.1.0) (1.3.1)
Requirement already satisfied: cycler>=0.10 in ./env/lib/python3.11/site-packages (from matplotlib->networking==0.1.0) (0.12.1)
Requirement already satisfied: fonttools>=4.22.0 in ./env/lib/python3.11/site-packages (from matplotlib->networking==0.1.0) (4.57.0)
Requirement already satisfied: kiwisolver>=1.3.1 in ./env/lib/python3.11/site-packages (from matplotlib->networking==0.1.0) (1.4.8)
Requirement already satisfied: packaging>=20.0 in ./env/lib/python3.11/site-packages (from matplotlib->networking==0.1.0) (24.2)
Requirement already satisfied: pillow>=8 in /usr/lib/python3/dist-packages (from matplotlib->networking==0.1.0) (9.4.0)
Requirement already satisfied: pyparsing>=2.3.1 in ./env/lib/python3.11/site-packages (from matplotlib->networking==0.1.0) (3.2.3)
Requirement already satisfied: python-dateutil>=2.7 in ./env/lib/python3.11/site-packages (from matplotlib->networking==0.1.0) (2.9.0.post0)
Requirement already satisfied: six>=1.5 in /usr/lib/python3/dist-packages (from python-dateutil>=2.7->matplotlib->networking==0.1.0) (1.16.0)
Building wheels for collected packages: networking
  Building editable for networking (pyproject.toml): started
  Building editable for networking (pyproject.toml): finished with status 'done'
  Created wheel for networking: filename=networking-0.1.0-0.editable-py3-none-any.whl size=1333 sha256=2bf62aabaef8fb0547bb67d3ff3d5b727d03d0a189eb91f7969551c93023d411
  Stored in directory: /tmp/pip-ephem-wheel-cache-ak2x1s_p/wheels/e2/8e/32/22f43db903f1c745b7b7cdaa1ec58a7478b04844faccfe8fd8
Successfully built networking
WARNING: Error parsing dependencies of send2trash: Expected matching RIGHT_PARENTHESIS for LEFT_PARENTHESIS, after version specifier
    sys-platform (=="darwin") ; extra == 'objc'
                 ~^
Installing collected packages: networking
Successfully installed networking-0.1.0

Installing pubsub...
Looking in indexes: https://pypi.org/simple, https://www.piwheels.org/simple
Obtaining file:///home/alex/cg2111_2425/slam_rpicam_env/libraries/epp2/pubsub
  Installing build dependencies: started
  Installing build dependencies: finished with status 'done'
  Checking if build backend supports build_editable: started
  Checking if build backend supports build_editable: finished with status 'done'
  Getting requirements to build editable: started
  Getting requirements to build editable: finished with status 'done'
  Preparing editable metadata (pyproject.toml): started
  Preparing editable metadata (pyproject.toml): finished with status 'done'
Requirement already satisfied: numpy in /usr/lib/python3/dist-packages (from pubsub==0.1.0) (1.24.2)
Requirement already satisfied: matplotlib in ./env/lib/python3.11/site-packages (from pubsub==0.1.0) (3.10.1)
Requirement already satisfied: pyserial in /usr/lib/python3/dist-packages (from pubsub==0.1.0) (3.5)
Requirement already satisfied: contourpy>=1.0.1 in ./env/lib/python3.11/site-packages (from matplotlib->pubsub==0.1.0) (1.3.1)
Requirement already satisfied: cycler>=0.10 in ./env/lib/python3.11/site-packages (from matplotlib->pubsub==0.1.0) (0.12.1)
Requirement already satisfied: fonttools>=4.22.0 in ./env/lib/python3.11/site-packages (from matplotlib->pubsub==0.1.0) (4.57.0)
Requirement already satisfied: kiwisolver>=1.3.1 in ./env/lib/python3.11/site-packages (from matplotlib->pubsub==0.1.0) (1.4.8)
Requirement already satisfied: packaging>=20.0 in ./env/lib/python3.11/site-packages (from matplotlib->pubsub==0.1.0) (24.2)
Requirement already satisfied: pillow>=8 in /usr/lib/python3/dist-packages (from matplotlib->pubsub==0.1.0) (9.4.0)
Requirement already satisfied: pyparsing>=2.3.1 in ./env/lib/python3.11/site-packages (from matplotlib->pubsub==0.1.0) (3.2.3)
Requirement already satisfied: python-dateutil>=2.7 in ./env/lib/python3.11/site-packages (from matplotlib->pubsub==0.1.0) (2.9.0.post0)
Requirement already satisfied: six>=1.5 in /usr/lib/python3/dist-packages (from python-dateutil>=2.7->matplotlib->pubsub==0.1.0) (1.16.0)
Building wheels for collected packages: pubsub
  Building editable for pubsub (pyproject.toml): started
  Building editable for pubsub (pyproject.toml): finished with status 'done'
  Created wheel for pubsub: filename=pubsub-0.1.0-0.editable-py3-none-any.whl size=1281 sha256=b23421ffc678f454703844bfda685cfaed8322a56df9dc78a947bbe969562886
  Stored in directory: /tmp/pip-ephem-wheel-cache-l9o6g_z3/wheels/7c/50/39/eb38c9785fb79f19ecc991d7c329761dc679ed7c2af3af075d
Successfully built pubsub
WARNING: Error parsing dependencies of send2trash: Expected matching RIGHT_PARENTHESIS for LEFT_PARENTHESIS, after version specifier
    sys-platform (=="darwin") ; extra == 'objc'
                 ~^
Installing collected packages: pubsub
Successfully installed pubsub-0.1.0

Installing slam...
Looking in indexes: https://pypi.org/simple, https://www.piwheels.org/simple
Obtaining file:///home/alex/cg2111_2425/slam_rpicam_env/libraries/epp2/slam
  Installing build dependencies: started
  Installing build dependencies: finished with status 'done'
  Checking if build backend supports build_editable: started
  Checking if build backend supports build_editable: finished with status 'done'
  Getting requirements to build editable: started
  Getting requirements to build editable: finished with status 'done'
  Preparing editable metadata (pyproject.toml): started
  Preparing editable metadata (pyproject.toml): finished with status 'done'
Requirement already satisfied: numpy in /usr/lib/python3/dist-packages (from slam==0.1.0) (1.24.2)
Requirement already satisfied: matplotlib in ./env/lib/python3.11/site-packages (from slam==0.1.0) (3.10.1)
Requirement already satisfied: pyserial in /usr/lib/python3/dist-packages (from slam==0.1.0) (3.5)
Requirement already satisfied: contourpy>=1.0.1 in ./env/lib/python3.11/site-packages (from matplotlib->slam==0.1.0) (1.3.1)
Requirement already satisfied: cycler>=0.10 in ./env/lib/python3.11/site-packages (from matplotlib->slam==0.1.0) (0.12.1)
Requirement already satisfied: fonttools>=4.22.0 in ./env/lib/python3.11/site-packages (from matplotlib->slam==0.1.0) (4.57.0)
Requirement already satisfied: kiwisolver>=1.3.1 in ./env/lib/python3.11/site-packages (from matplotlib->slam==0.1.0) (1.4.8)
Requirement already satisfied: packaging>=20.0 in ./env/lib/python3.11/site-packages (from matplotlib->slam==0.1.0) (24.2)
Requirement already satisfied: pillow>=8 in /usr/lib/python3/dist-packages (from matplotlib->slam==0.1.0) (9.4.0)
Requirement already satisfied: pyparsing>=2.3.1 in ./env/lib/python3.11/site-packages (from matplotlib->slam==0.1.0) (3.2.3)
Requirement already satisfied: python-dateutil>=2.7 in ./env/lib/python3.11/site-packages (from matplotlib->slam==0.1.0) (2.9.0.post0)
Requirement already satisfied: six>=1.5 in /usr/lib/python3/dist-packages (from python-dateutil>=2.7->matplotlib->slam==0.1.0) (1.16.0)
Building wheels for collected packages: slam
  Building editable for slam (pyproject.toml): started
  Building editable for slam (pyproject.toml): finished with status 'done'
  Created wheel for slam: filename=slam-0.1.0-0.editable-py3-none-any.whl size=1254 sha256=571d660118502bc9ba36d40b01b164b16640a033f48bfa4a825d27c5a341249f
  Stored in directory: /tmp/pip-ephem-wheel-cache-800j5caq/wheels/77/d5/f5/d1cfcb388726fbc2b8afed93bd9121ebbc7030e7c43a418896
Successfully built slam
WARNING: Error parsing dependencies of send2trash: Expected matching RIGHT_PARENTHESIS for LEFT_PARENTHESIS, after version specifier
    sys-platform (=="darwin") ; extra == 'objc'
                 ~^
Installing collected packages: slam
Successfully installed slam-0.1.0

Setup complete. Exiting...
